{
  "RSpec": {
    "coverage": {
      "D:/Ruby/Codebreaker_console/game/console.rb": {
        "lines": [
          null,
          null,
          1,
          1,
          null,
          1,
          1,
          1,
          null,
          1,
          12,
          17,
          17,
          7,
          1,
          1,
          7,
          1,
          null,
          null,
          null,
          1,
          7,
          7,
          7,
          7,
          null,
          null,
          1,
          7,
          7,
          null,
          null,
          1,
          7,
          8,
          null,
          8,
          7,
          null,
          1,
          null,
          null,
          null,
          null,
          1,
          7,
          8,
          8,
          7,
          7,
          null,
          null,
          1,
          null,
          null,
          null,
          null,
          1,
          23,
          2,
          null,
          null,
          1,
          14,
          5,
          null,
          3,
          3,
          6,
          null,
          null,
          1,
          16,
          null,
          2,
          2,
          null,
          null,
          1,
          3,
          null,
          null,
          1,
          6,
          5,
          null,
          1,
          1,
          null,
          null,
          1,
          1,
          1,
          null,
          null,
          1,
          2,
          null,
          null,
          1,
          8,
          null,
          null
        ]
      },
      "D:/Ruby/Codebreaker_console/game/loader.rb": {
        "lines": [
          null,
          null,
          1,
          1,
          1,
          1,
          1,
          1,
          1
        ]
      },
      "D:/Ruby/Codebreaker_console/game/view.rb": {
        "lines": [
          null,
          null,
          1,
          null,
          1,
          1,
          1,
          1,
          16,
          null,
          null,
          1,
          1,
          null,
          null,
          1,
          1,
          null,
          null,
          null,
          null,
          null,
          1,
          1,
          null,
          null,
          1,
          1,
          null,
          null,
          1,
          1,
          null,
          null,
          1,
          1,
          null,
          null,
          1,
          1,
          null,
          null,
          1,
          2,
          null,
          null,
          1,
          2,
          null,
          null,
          1,
          1,
          null,
          null,
          1,
          1,
          null,
          null,
          1,
          1,
          null,
          null,
          1,
          3,
          null,
          null,
          1,
          1,
          null,
          null,
          1,
          1,
          null,
          null,
          1,
          1,
          null,
          null,
          1,
          5,
          5,
          null,
          null,
          null,
          null
        ]
      }
    },
    "timestamp": 1635757907
  }
}
